build/app/intermediates/manifest_merge_blame_file/debug/manifest-merger-blame-debug-report.txt
1<?xml version="1.0" encoding="utf-8"?>
2<manifest xmlns:android="http://schemas.android.com/apk/res/android"
3    package="com.example.flutter_push_notifications_firebase"
4    android:versionCode="1"
5    android:versionName="1.0.0" >
6
7    <uses-sdk
8        android:minSdkVersion="16"
9        android:targetSdkVersion="28" />
10    <!--
11         Flutter needs it to communicate with the running application
12         to allow setting breakpoints, to provide hot reload, etc.
13    -->
14    <uses-permission android:name="android.permission.INTERNET" />
14-->src/debug/AndroidManifest.xml:6:5-66
14-->src/debug/AndroidManifest.xml:6:22-64
15    <uses-permission android:name="android.permission.ACCESS_NETWORK_STATE" />
15-->[com.google.android.gms:play-services-measurement:17.2.0] AndroidManifest.xml:24:5-79
15-->[com.google.android.gms:play-services-measurement:17.2.0] AndroidManifest.xml:24:22-76
16    <uses-permission android:name="android.permission.WAKE_LOCK" />
16-->[com.google.android.gms:play-services-measurement:17.2.0] AndroidManifest.xml:25:5-68
16-->[com.google.android.gms:play-services-measurement:17.2.0] AndroidManifest.xml:25:22-65
17    <uses-permission android:name="com.google.android.finsky.permission.BIND_GET_INSTALL_REFERRER_SERVICE" /> <!-- Required by older versions of Google Play services to create IID tokens -->
17-->[com.google.android.gms:play-services-measurement:17.2.0] AndroidManifest.xml:26:5-110
17-->[com.google.android.gms:play-services-measurement:17.2.0] AndroidManifest.xml:26:22-107
18    <uses-permission android:name="com.google.android.c2dm.permission.RECEIVE" />
18-->[com.google.firebase:firebase-iid:20.0.1] AndroidManifest.xml:26:5-82
18-->[com.google.firebase:firebase-iid:20.0.1] AndroidManifest.xml:26:22-79
19    <!--
20 io.flutter.app.FlutterApplication is an android.app.Application that
21         calls FlutterMain.startInitialization(this); in its onCreate method.
22         In most cases you can leave this as-is, but you if you want to provide
23         additional functionality it is fine to subclass or reimplement
24         FlutterApplication and put your custom class here.
25    -->
26    <application
26-->src/main/AndroidManifest.xml:8:5-29:19
27        android:name="io.flutter.app.FlutterApplication"
27-->src/main/AndroidManifest.xml:9:9-57
28        android:appComponentFactory="androidx.core.app.CoreComponentFactory"
28-->[androidx.core:core:1.0.0] AndroidManifest.xml:22:18-86
29        android:debuggable="true"
30        android:icon="@mipmap/ic_launcher"
30-->src/main/AndroidManifest.xml:11:9-43
31        android:label="flutter_push_notifications_firebase" >
31-->src/main/AndroidManifest.xml:10:9-60
32        <activity
32-->src/main/AndroidManifest.xml:12:9-23:20
33            android:name="com.example.flutter_push_notifications_firebase.MainActivity"
33-->src/main/AndroidManifest.xml:13:13-41
34            android:configChanges="orientation|keyboardHidden|keyboard|screenSize|smallestScreenSize|locale|layoutDirection|fontScale|screenLayout|density|uiMode"
34-->src/main/AndroidManifest.xml:16:13-163
35            android:hardwareAccelerated="true"
35-->src/main/AndroidManifest.xml:17:13-47
36            android:launchMode="singleTop"
36-->src/main/AndroidManifest.xml:14:13-43
37            android:theme="@style/LaunchTheme"
37-->src/main/AndroidManifest.xml:15:13-47
38            android:windowSoftInputMode="adjustResize" >
38-->src/main/AndroidManifest.xml:18:13-55
39            <intent-filter>
39-->src/main/AndroidManifest.xml:19:13-22:29
40                <action android:name="android.intent.action.MAIN" />
40-->src/main/AndroidManifest.xml:20:17-68
40-->src/main/AndroidManifest.xml:20:25-66
41
42                <category android:name="android.intent.category.LAUNCHER" />
42-->src/main/AndroidManifest.xml:21:17-76
42-->src/main/AndroidManifest.xml:21:27-74
43            </intent-filter>
44        </activity>
45        <!--
46             Don't delete the meta-data below.
47             This is used by the Flutter tool to generate GeneratedPluginRegistrant.java
48        -->
49        <meta-data
49-->src/main/AndroidManifest.xml:26:9-28:33
50            android:name="flutterEmbedding"
50-->src/main/AndroidManifest.xml:27:13-44
51            android:value="2" />
51-->src/main/AndroidManifest.xml:28:13-30
52
53        <service
53-->[:firebase_core] AndroidManifest.xml:8:9-12:19
54            android:name="com.google.firebase.components.ComponentDiscoveryService"
54-->[:firebase_core] AndroidManifest.xml:8:18-89
55            android:directBootAware="true"
55-->[com.google.firebase:firebase-common:19.2.0] AndroidManifest.xml:15:13-43
56            android:exported="false" >
56-->[com.google.android.gms:play-services-measurement-api:17.2.0] AndroidManifest.xml:29:13-37
57            <meta-data
57-->[:firebase_core] AndroidManifest.xml:9:13-11:85
58                android:name="com.google.firebase.components:io.flutter.plugins.firebase.core.FlutterFirebaseAppRegistrar"
58-->[:firebase_core] AndroidManifest.xml:10:17-123
59                android:value="com.google.firebase.components.ComponentRegistrar" />
59-->[:firebase_core] AndroidManifest.xml:11:17-82
60            <meta-data
60-->[:firebase_messaging] AndroidManifest.xml:14:13-16:85
61                android:name="com.google.firebase.components:io.flutter.plugins.firebasemessaging.FlutterFirebaseAppRegistrar"
61-->[:firebase_messaging] AndroidManifest.xml:15:17-127
62                android:value="com.google.firebase.components.ComponentRegistrar" />
62-->[:firebase_messaging] AndroidManifest.xml:16:17-82
63            <meta-data
63-->[com.google.android.gms:play-services-measurement-api:17.2.0] AndroidManifest.xml:30:13-32:85
64                android:name="com.google.firebase.components:com.google.firebase.analytics.connector.internal.AnalyticsConnectorRegistrar"
64-->[com.google.android.gms:play-services-measurement-api:17.2.0] AndroidManifest.xml:31:17-139
65                android:value="com.google.firebase.components.ComponentRegistrar" />
65-->[com.google.android.gms:play-services-measurement-api:17.2.0] AndroidManifest.xml:32:17-82
66            <meta-data
66-->[com.google.firebase:firebase-iid:20.0.1] AndroidManifest.xml:32:13-34:85
67                android:name="com.google.firebase.components:com.google.firebase.iid.Registrar"
67-->[com.google.firebase:firebase-iid:20.0.1] AndroidManifest.xml:33:17-96
68                android:value="com.google.firebase.components.ComponentRegistrar" />
68-->[com.google.firebase:firebase-iid:20.0.1] AndroidManifest.xml:34:17-82
69        </service>
70        <service android:name="io.flutter.plugins.firebasemessaging.FlutterFirebaseMessagingService" >
70-->[:firebase_messaging] AndroidManifest.xml:8:9-12:19
70-->[:firebase_messaging] AndroidManifest.xml:8:18-101
71            <intent-filter>
71-->[:firebase_messaging] AndroidManifest.xml:9:13-11:29
72                <action android:name="com.google.firebase.MESSAGING_EVENT" />
72-->[:firebase_messaging] AndroidManifest.xml:10:17-78
72-->[:firebase_messaging] AndroidManifest.xml:10:25-75
73            </intent-filter>
74        </service>
75
76        <receiver
76-->[com.google.android.gms:play-services-measurement:17.2.0] AndroidManifest.xml:29:9-33:20
77            android:name="com.google.android.gms.measurement.AppMeasurementReceiver"
77-->[com.google.android.gms:play-services-measurement:17.2.0] AndroidManifest.xml:30:13-85
78            android:enabled="true"
78-->[com.google.android.gms:play-services-measurement:17.2.0] AndroidManifest.xml:31:13-35
79            android:exported="false" >
79-->[com.google.android.gms:play-services-measurement:17.2.0] AndroidManifest.xml:32:13-37
80        </receiver>
81        <receiver
81-->[com.google.android.gms:play-services-measurement:17.2.0] AndroidManifest.xml:34:9-42:20
82            android:name="com.google.android.gms.measurement.AppMeasurementInstallReferrerReceiver"
82-->[com.google.android.gms:play-services-measurement:17.2.0] AndroidManifest.xml:35:13-100
83            android:enabled="true"
83-->[com.google.android.gms:play-services-measurement:17.2.0] AndroidManifest.xml:36:13-35
84            android:exported="true"
84-->[com.google.android.gms:play-services-measurement:17.2.0] AndroidManifest.xml:37:13-36
85            android:permission="android.permission.INSTALL_PACKAGES" >
85-->[com.google.android.gms:play-services-measurement:17.2.0] AndroidManifest.xml:38:13-69
86            <intent-filter>
86-->[com.google.android.gms:play-services-measurement:17.2.0] AndroidManifest.xml:39:13-41:29
87                <action android:name="com.android.vending.INSTALL_REFERRER" />
87-->[com.google.android.gms:play-services-measurement:17.2.0] AndroidManifest.xml:40:17-79
87-->[com.google.android.gms:play-services-measurement:17.2.0] AndroidManifest.xml:40:25-76
88            </intent-filter>
89        </receiver>
90
91        <service
91-->[com.google.android.gms:play-services-measurement:17.2.0] AndroidManifest.xml:44:9-47:40
92            android:name="com.google.android.gms.measurement.AppMeasurementService"
92-->[com.google.android.gms:play-services-measurement:17.2.0] AndroidManifest.xml:45:13-84
93            android:enabled="true"
93-->[com.google.android.gms:play-services-measurement:17.2.0] AndroidManifest.xml:46:13-35
94            android:exported="false" />
94-->[com.google.android.gms:play-services-measurement:17.2.0] AndroidManifest.xml:47:13-37
95        <service
95-->[com.google.android.gms:play-services-measurement:17.2.0] AndroidManifest.xml:48:9-52:72
96            android:name="com.google.android.gms.measurement.AppMeasurementJobService"
96-->[com.google.android.gms:play-services-measurement:17.2.0] AndroidManifest.xml:49:13-87
97            android:enabled="true"
97-->[com.google.android.gms:play-services-measurement:17.2.0] AndroidManifest.xml:50:13-35
98            android:exported="false"
98-->[com.google.android.gms:play-services-measurement:17.2.0] AndroidManifest.xml:51:13-37
99            android:permission="android.permission.BIND_JOB_SERVICE" />
99-->[com.google.android.gms:play-services-measurement:17.2.0] AndroidManifest.xml:52:13-69
100        <!--
101             FirebaseMessagingService performs security checks at runtime,
102             but set to not exported to explicitly avoid allowing another app to call it.
103        -->
104        <service
104-->[com.google.firebase:firebase-messaging:20.0.1] AndroidManifest.xml:28:9-34:19
105            android:name="com.google.firebase.messaging.FirebaseMessagingService"
105-->[com.google.firebase:firebase-messaging:20.0.1] AndroidManifest.xml:29:13-82
106            android:exported="false" >
106-->[com.google.firebase:firebase-messaging:20.0.1] AndroidManifest.xml:30:13-37
107            <intent-filter android:priority="-500" >
107-->[:firebase_messaging] AndroidManifest.xml:9:13-11:29
108                <action android:name="com.google.firebase.MESSAGING_EVENT" />
108-->[:firebase_messaging] AndroidManifest.xml:10:17-78
108-->[:firebase_messaging] AndroidManifest.xml:10:25-75
109            </intent-filter>
110        </service>
111
112        <receiver
112-->[com.google.firebase:firebase-iid:20.0.1] AndroidManifest.xml:37:9-44:20
113            android:name="com.google.firebase.iid.FirebaseInstanceIdReceiver"
113-->[com.google.firebase:firebase-iid:20.0.1] AndroidManifest.xml:38:13-78
114            android:exported="true"
114-->[com.google.firebase:firebase-iid:20.0.1] AndroidManifest.xml:39:13-36
115            android:permission="com.google.android.c2dm.permission.SEND" >
115-->[com.google.firebase:firebase-iid:20.0.1] AndroidManifest.xml:40:13-73
116            <intent-filter>
116-->[com.google.firebase:firebase-iid:20.0.1] AndroidManifest.xml:41:13-43:29
117                <action android:name="com.google.android.c2dm.intent.RECEIVE" />
117-->[com.google.firebase:firebase-iid:20.0.1] AndroidManifest.xml:42:17-81
117-->[com.google.firebase:firebase-iid:20.0.1] AndroidManifest.xml:42:25-78
118            </intent-filter>
119        </receiver>
120
121        <provider
121-->[com.google.firebase:firebase-common:19.2.0] AndroidManifest.xml:19:9-23:39
122            android:name="com.google.firebase.provider.FirebaseInitProvider"
122-->[com.google.firebase:firebase-common:19.2.0] AndroidManifest.xml:20:13-77
123            android:authorities="com.example.flutter_push_notifications_firebase.firebaseinitprovider"
123-->[com.google.firebase:firebase-common:19.2.0] AndroidManifest.xml:21:13-72
124            android:exported="false"
124-->[com.google.firebase:firebase-common:19.2.0] AndroidManifest.xml:22:13-37
125            android:initOrder="100" />
125-->[com.google.firebase:firebase-common:19.2.0] AndroidManifest.xml:23:13-36
126
127        <activity
127-->[com.google.android.gms:play-services-base:17.0.0] AndroidManifest.xml:23:9-26:75
128            android:name="com.google.android.gms.common.api.GoogleApiActivity"
128-->[com.google.android.gms:play-services-base:17.0.0] AndroidManifest.xml:24:13-79
129            android:exported="false"
129-->[com.google.android.gms:play-services-base:17.0.0] AndroidManifest.xml:25:13-37
130            android:theme="@android:style/Theme.Translucent.NoTitleBar" />
130-->[com.google.android.gms:play-services-base:17.0.0] AndroidManifest.xml:26:13-72
131
132        <meta-data
132-->[com.google.android.gms:play-services-basement:17.0.0] AndroidManifest.xml:23:9-25:69
133            android:name="com.google.android.gms.version"
133-->[com.google.android.gms:play-services-basement:17.0.0] AndroidManifest.xml:24:13-58
134            android:value="@integer/google_play_services_version" />
134-->[com.google.android.gms:play-services-basement:17.0.0] AndroidManifest.xml:25:13-66
135    </application>
136
137</manifest>